2025-08-06 16:11:30,604 - d_business_layer.utils - INFO - Parsing XML configuration file...
2025-08-06 16:11:30,605 - d_business_layer.utils - INFO - Parsing XML configuration file...
2025-08-06 16:11:30,623 - asyncio - ERROR - Future exception was never retrieved
future: <Future finished exception=AttributeError("'NoneType' object has no attribute 'text'")>
Traceback (most recent call last):
  File "C:\Users\ouymc2\AppData\Local\Programs\Python\Python313\Lib\concurrent\futures\thread.py", line 59, in run
    result = self.fn(*self.args, **self.kwargs)
             ^^^^^^^^^^^^^^^^^^^^^^^^^^^^^^^^^^
  File "C:\Users\ouymc2\Desktop\dc_html\main.py", line 86, in _parse_json_sync
    hdf_file_type = self._parse_xml_sync()
                    ^^^^^^^^^^^^^^^^^^^^^^
  File "C:\Users\ouymc2\Desktop\dc_html\main.py", line 78, in _parse_xml_sync
    hdf_file_type = config_parser.parse()
                    ^^^^^^^^^^^^^^^^^^^^^
  File "C:\Users\ouymc2\Desktop\dc_html\a_config_layer\xml_config_parser.py", line 32, in parse
    self.hdf_source_selection = root.find("HDF_SOURCE_SELECTION").text
                                ^^^^^^^^^^^^^^^^^^^^^^^^^^^^^^^^^^^^^^
AttributeError: 'NoneType' object has no attribute 'text'
2025-08-06 16:11:52,592 - d_business_layer.utils - INFO - Parsing XML configuration file...
2025-08-06 16:11:52,592 - d_business_layer.utils - INFO - Parsing XML configuration file...
2025-08-06 16:11:52,593 - d_business_layer.utils - INFO - XML parsing complete. HDF file type: HDF_WITH_ALLSENSOR
2025-08-06 16:11:52,593 - d_business_layer.utils - INFO - XML parsing complete. HDF file type: HDF_WITH_ALLSENSOR
2025-08-06 16:11:52,594 - d_business_layer.utils - INFO - Parsing JSON input file...
2025-08-06 16:11:52,594 - d_business_layer.utils - INFO - Parsing JSON input file...
2025-08-06 16:11:52,596 - asyncio - ERROR - Future exception was never retrieved
future: <Future finished exception=KeyError('INPUT_HDF')>
Traceback (most recent call last):
  File "C:\Users\ouymc2\AppData\Local\Programs\Python\Python313\Lib\concurrent\futures\thread.py", line 59, in run
    result = self.fn(*self.args, **self.kwargs)
  File "C:\Users\ouymc2\Desktop\dc_html\main.py", line 89, in _parse_json_sync
    json_parser = JSONParserFactory.create_parser(hdf_file_type, self.json_file)
  File "C:\Users\ouymc2\Desktop\dc_html\a_config_layer\json_parser_factory.py", line 10, in create_parser
    return AllsensorJSONParser(json_file)
  File "C:\Users\ouymc2\Desktop\dc_html\a_config_layer\allsensor_json_parser.py", line 16, in __init__
    self.parse()
    ~~~~~~~~~~^^
  File "C:\Users\ouymc2\Desktop\dc_html\a_config_layer\allsensor_json_parser.py", line 25, in parse
    inputs = data["INPUT_HDF"]
             ~~~~^^^^^^^^^^^^^
KeyError: 'INPUT_HDF'
2025-08-06 16:12:07,569 - d_business_layer.utils - INFO - Parsing XML configuration file...
2025-08-06 16:12:07,570 - d_business_layer.utils - INFO - Parsing XML configuration file...
2025-08-06 16:12:07,571 - d_business_layer.utils - INFO - XML parsing complete. HDF file type: HDF_WITH_ALLSENSOR
2025-08-06 16:12:07,571 - d_business_layer.utils - INFO - XML parsing complete. HDF file type: HDF_WITH_ALLSENSOR
2025-08-06 16:12:07,571 - d_business_layer.utils - INFO - Parsing JSON input file...
2025-08-06 16:12:07,572 - d_business_layer.utils - INFO - Parsing JSON input file...
2025-08-06 16:12:07,573 - d_business_layer.utils - INFO - JSON parsing complete.
2025-08-06 16:12:07,574 - d_business_layer.utils - INFO - JSON parsing complete.
2025-08-06 16:12:07,574 - root - INFO - 
Processing input file: hdf_dc.h5
2025-08-06 16:12:07,574 - root - INFO - Processing output file: output_dc.h5 

