2025-12-04 11:20:35,583 - root - INFO - setup_logging:75 - Enhanced logging initialized. Log directory: C:/Users/ouymc2/Desktop/plotly_62/html\logs
2025-12-04 11:20:35,584 - root - INFO - wrapper:13 - Function run_async took 0.0000 seconds to execute.
2025-12-04 11:20:35,585 - asyncio - DEBUG - __init__:631 - Using proactor: IocpProactor
2025-12-04 11:20:35,589 - root - INFO - wrapper:13 - Function _parse_config_async took 0.0000 seconds to execute.
2025-12-04 11:20:35,593 - root - INFO - log_to_both:78 - Parsing XML configuration file...
2025-12-04 11:20:35,594 - root - INFO - log_to_both:78 - Parsing XML configuration file...
2025-12-04 11:20:35,595 - root - DEBUG - log_to_file_only:81 - XML parsing complete. HDF file type: HDF_WITH_ALLSENSOR
2025-12-04 11:20:35,595 - root - DEBUG - log_to_file_only:81 - XML parsing complete. HDF file type: HDF_WITH_ALLSENSOR
2025-12-04 11:20:35,596 - root - INFO - log_to_both:78 - Parsing JSON input file...
2025-12-04 11:20:35,596 - root - INFO - log_to_both:78 - Parsing JSON input file...
2025-12-04 11:20:35,598 - root - DEBUG - log_to_file_only:81 - JSON parsing complete.
2025-12-04 11:20:35,599 - root - DEBUG - log_to_file_only:81 - JSON parsing complete.
2025-12-04 11:20:35,600 - root - INFO - wrapper:13 - Function process_async took 0.0000 seconds to execute.
2025-12-04 11:20:35,600 - root - INFO - parse:43 - 
Processing input file: CCA_9010_3100099_DEBUG_20250828_163718_0001.h5
2025-12-04 11:20:35,600 - root - INFO - parse:44 - Processing output file: CCA_9010_3100099_DEBUG_20250828_163718_0001_r00070104.h5 

2025-12-04 11:20:35,941 - root - INFO - parse:51 - Warning: Missing data if in input not in output or viceversa : {'missing_groups': [], 'missing_datasets': []}
2025-12-04 11:20:35,941 - root - INFO - parse:55 - Found 5 sensors: RL, RR, FL, FR, header
2025-12-04 11:20:35,941 - root - INFO - parse:56 - Found 4 streams: DETECTION_STREAM, HEADER_STREAM, RDD_STREAM, DYNAMIC_ALIGNMENT_STREAM
2025-12-04 11:20:35,943 - InteractivePlot.kpi_client.kpi_integration - DEBUG - __init__:66 - kpiIntegration initialized with base_name=CCA_9010_3100099_DEBUG_20250828_163718_0001, sensor=RL, input_file=C:/Users/ouymc2/Desktop/hdf_db/CCA_9010_3100099_DEBUG_20250828_163718_0001.h5, output_file=C:/Users/ouymc2/Desktop/hdf_db/CCA_9010_3100099_DEBUG_20250828_163718_0001_r00070104.h5, output_dir=C:/Users/ouymc2/Desktop/plotly_62/html, server_host=127.0.0.1, server_port=5555
2025-12-04 11:20:52,091 - InteractivePlot.kpi_client.kpi_integration - WARNING - _ensure_server_process:149 - KPI server not ready after 5 seconds
2025-12-04 11:20:52,148 - root - DEBUG - parse:126 - Time taken by input parsing 0.05183529853820801 in DETECTION_STREAM
2025-12-04 11:20:52,201 - root - DEBUG - parse:163 - Time taken by output parsing 0.050997257232666016 in DETECTION_STREAM
2025-12-04 11:20:54,694 - DataPrep - DEBUG - _track_memory_usage:97 - Resident Set Size (RSS): 109.45 MB
2025-12-04 11:20:54,694 - DataPrep - DEBUG - _track_memory_usage:98 - Virtual Memory Size: 711.09 MB
2025-12-04 11:20:54,694 - DataPrep - INFO - _track_memory_usage:103 - Initial memory usage: 109.44921875 MiB
2025-12-04 11:21:08,566 - DataPrep - INFO - generate_plots:172 - Error in multiprocessing: . Falling back to sequential processing.
2025-12-04 11:21:12,388 - root - DEBUG - scatter_plot:109 - time taken by scatter api as whole of 0.0814659595489502 in Range
2025-12-04 11:21:12,594 - root - DEBUG - scatter_plot:109 - time taken by scatter api as whole of 0.10813379287719727 in Range
2025-12-04 11:21:12,673 - root - DEBUG - bar_mismatch_plots_all:338 - Updated shared_data for ('bar_mismatch_plots_all', 'Range')
2025-12-04 11:21:12,865 - root - DEBUG - scatter_plot:109 - time taken by scatter api as whole of 0.05533266067504883 in num_af_det
2025-12-04 11:21:12,922 - root - DEBUG - bar_mismatch_plots_all:338 - Updated shared_data for ('bar_mismatch_plots_all', 'num_af_det')
2025-12-04 11:21:13,050 - root - DEBUG - scatter_plot:109 - time taken by scatter api as whole of 0.043884992599487305 in scatter diffrence num_af_det
2025-12-04 11:21:13,648 - root - DEBUG - scatter_plot:109 - time taken by scatter api as whole of 0.06413888931274414 in Azimuth
2025-12-04 11:21:13,859 - root - DEBUG - scatter_plot:109 - time taken by scatter api as whole of 0.09107112884521484 in Azimuth
2025-12-04 11:21:13,965 - root - DEBUG - bar_mismatch_plots_all:338 - Updated shared_data for ('bar_mismatch_plots_all', 'Azimuth')
2025-12-04 11:21:14,455 - root - DEBUG - scatter_plot:109 - time taken by scatter api as whole of 0.05809926986694336 in elevation
2025-12-04 11:21:14,671 - root - DEBUG - scatter_plot:109 - time taken by scatter api as whole of 0.10173702239990234 in elevation
2025-12-04 11:21:14,746 - root - DEBUG - bar_mismatch_plots_all:338 - Updated shared_data for ('bar_mismatch_plots_all', 'elevation')
2025-12-04 11:21:15,177 - root - DEBUG - scatter_plot:109 - time taken by scatter api as whole of 0.06343483924865723 in signal_to_noise_ratio
2025-12-04 11:21:15,412 - root - DEBUG - scatter_plot:109 - time taken by scatter api as whole of 0.11217260360717773 in signal_to_noise_ratio
2025-12-04 11:21:15,502 - root - DEBUG - bar_mismatch_plots_all:338 - Updated shared_data for ('bar_mismatch_plots_all', 'signal_to_noise_ratio')
2025-12-04 11:21:16,102 - root - DEBUG - scatter_plot:109 - time taken by scatter api as whole of 0.06206107139587402 in radar_cross_section
2025-12-04 11:21:16,295 - root - DEBUG - scatter_plot:109 - time taken by scatter api as whole of 0.0847933292388916 in radar_cross_section
2025-12-04 11:21:16,375 - root - DEBUG - bar_mismatch_plots_all:338 - Updated shared_data for ('bar_mismatch_plots_all', 'radar_cross_section')
2025-12-04 11:21:16,606 - root - DEBUG - scatter_plot:109 - time taken by scatter api as whole of 0.06308794021606445 in bistatic_count
2025-12-04 11:21:16,871 - root - DEBUG - scatter_plot:109 - time taken by scatter api as whole of 0.05827784538269043 in bistatic_count
2025-12-04 11:21:17,175 - root - DEBUG - scatter_plot:109 - time taken by scatter api as whole of 0.06740522384643555 in super_res_target
2025-12-04 11:21:17,427 - root - DEBUG - scatter_plot:109 - time taken by scatter api as whole of 0.0480959415435791 in super_res_target
2025-12-04 11:21:17,668 - root - DEBUG - scatter_plot:109 - time taken by scatter api as whole of 0.058951377868652344 in single_target
2025-12-04 11:21:17,898 - root - DEBUG - scatter_plot:109 - time taken by scatter api as whole of 0.045057058334350586 in single_target
2025-12-04 11:21:17,944 - root - DEBUG - generate_plots:193 - Time taken by generate plot in parllel or seq figures for 16.037660598754883 in DETECTION_STREAM
2025-12-04 11:21:17,944 - root - INFO - wrapper:13 - Function generate_plots took 23.2499 seconds to execute.
2025-12-04 11:21:17,946 - HtmlGenerator - INFO - _create_folder_structure:85 - Created folder structure for CCA_9010_3100099_DEBUG_20250828_163718_0001
2025-12-04 11:21:17,947 - HtmlGenerator - INFO - generate_and_save_html_files:206 - Generating HTML files for 3 categories
2025-12-04 11:21:18,596 - HtmlGenerator - INFO - generate_and_save_html_files:225 - Category HTML saved: C:\Users\ouymc2\Desktop\plotly_62\html\CCA_9010_3100099_DEBUG_20250828_163718_0001\RL\DETECTION_STREAM\CCA_9010_3100099_DEBUG_20250828_163718_0001_RL_histogram.html (21420.6 KB)
2025-12-04 11:21:20,387 - HtmlGenerator - INFO - generate_and_save_html_files:225 - Category HTML saved: C:\Users\ouymc2\Desktop\plotly_62\html\CCA_9010_3100099_DEBUG_20250828_163718_0001\RL\DETECTION_STREAM\CCA_9010_3100099_DEBUG_20250828_163718_0001_RL_general.html (43232.5 KB)
2025-12-04 11:21:20,853 - HtmlGenerator - INFO - generate_and_save_html_files:225 - Category HTML saved: C:\Users\ouymc2\Desktop\plotly_62\html\CCA_9010_3100099_DEBUG_20250828_163718_0001\RL\DETECTION_STREAM\CCA_9010_3100099_DEBUG_20250828_163718_0001_RL_mismatch.html (419.4 KB)
2025-12-04 11:21:20,855 - HtmlGenerator - INFO - _create_external_assets:496 - CSS file created: C:\Users\ouymc2\Desktop\plotly_62\html\CCA_9010_3100099_DEBUG_20250828_163718_0001\tab_interface.css
2025-12-04 11:21:20,858 - HtmlGenerator - INFO - _create_external_assets:502 - JavaScript file created: C:\Users\ouymc2\Desktop\plotly_62\html\CCA_9010_3100099_DEBUG_20250828_163718_0001\tab_interface.js
2025-12-04 11:21:22,873 - HtmlGenerator - DEBUG - generate_and_save_html_files:246 - No KPI HTML path available yet
2025-12-04 11:21:24,885 - HtmlGenerator - DEBUG - _add_kpi_link:293 - Failed to add KPI link: cannot access local variable 'base_folder' where it is not associated with a value
2025-12-04 11:21:24,908 - root - DEBUG - parse:183 - Time taken by dataprep parsing 32.70683217048645 in DETECTION_STREAM
2025-12-04 11:21:24,908 - root - INFO - parse:187 - Generated HTML report for sensor /RL/ with /4/ streams
2025-12-04 11:21:24,908 - InteractivePlot.kpi_client.kpi_integration - DEBUG - __init__:66 - kpiIntegration initialized with base_name=CCA_9010_3100099_DEBUG_20250828_163718_0001, sensor=RR, input_file=C:/Users/ouymc2/Desktop/hdf_db/CCA_9010_3100099_DEBUG_20250828_163718_0001.h5, output_file=C:/Users/ouymc2/Desktop/hdf_db/CCA_9010_3100099_DEBUG_20250828_163718_0001_r00070104.h5, output_dir=C:/Users/ouymc2/Desktop/plotly_62/html, server_host=127.0.0.1, server_port=5555
2025-12-04 11:21:41,059 - InteractivePlot.kpi_client.kpi_integration - WARNING - _ensure_server_process:149 - KPI server not ready after 5 seconds
2025-12-04 11:21:42,932 - root - DEBUG - parse:126 - Time taken by input parsing 1.8699042797088623 in DETECTION_STREAM
2025-12-04 11:21:43,102 - root - DEBUG - parse:163 - Time taken by output parsing 0.16669273376464844 in DETECTION_STREAM
2025-12-04 11:21:45,635 - DataPrep - DEBUG - _track_memory_usage:97 - Resident Set Size (RSS): 259.32 MB
2025-12-04 11:21:45,635 - DataPrep - DEBUG - _track_memory_usage:98 - Virtual Memory Size: 853.42 MB
2025-12-04 11:21:45,635 - DataPrep - INFO - _track_memory_usage:103 - Initial memory usage: 259.31640625 MiB
2025-12-04 11:29:02,473 - root - INFO - setup_logging:75 - Enhanced logging initialized. Log directory: C:/Users/ouymc2/Desktop/plotly_62/html\logs
2025-12-04 11:29:02,474 - root - INFO - wrapper:13 - Function run_async took 0.0000 seconds to execute.
2025-12-04 11:29:02,475 - asyncio - DEBUG - __init__:631 - Using proactor: IocpProactor
2025-12-04 11:29:02,478 - root - INFO - wrapper:13 - Function _parse_config_async took 0.0000 seconds to execute.
2025-12-04 11:29:02,481 - root - INFO - log_to_both:78 - Parsing XML configuration file...
2025-12-04 11:29:02,483 - root - INFO - log_to_both:78 - Parsing XML configuration file...
2025-12-04 11:29:02,484 - root - DEBUG - log_to_file_only:81 - XML parsing complete. HDF file type: HDF_WITH_ALLSENSOR
2025-12-04 11:29:02,484 - root - DEBUG - log_to_file_only:81 - XML parsing complete. HDF file type: HDF_WITH_ALLSENSOR
2025-12-04 11:29:02,484 - root - INFO - log_to_both:78 - Parsing JSON input file...
2025-12-04 11:29:02,485 - root - INFO - log_to_both:78 - Parsing JSON input file...
2025-12-04 11:29:02,489 - root - DEBUG - log_to_file_only:81 - JSON parsing complete.
2025-12-04 11:29:02,489 - root - DEBUG - log_to_file_only:81 - JSON parsing complete.
2025-12-04 11:29:02,490 - root - INFO - wrapper:13 - Function process_async took 0.0000 seconds to execute.
2025-12-04 11:29:02,491 - root - INFO - parse:43 - 
Processing input file: CCA_9010_3100099_DEBUG_20250828_163718_0001.h5
2025-12-04 11:29:02,491 - root - INFO - parse:44 - Processing output file: CCA_9010_3100099_DEBUG_20250828_163718_0001_r00070104.h5 

2025-12-04 11:29:02,896 - root - INFO - parse:51 - Warning: Missing data if in input not in output or viceversa : {'missing_groups': [], 'missing_datasets': []}
2025-12-04 11:29:02,897 - root - INFO - parse:55 - Found 5 sensors: header, RL, RR, FR, FL
2025-12-04 11:29:02,897 - root - INFO - parse:56 - Found 4 streams: RDD_STREAM, DETECTION_STREAM, DYNAMIC_ALIGNMENT_STREAM, HEADER_STREAM
2025-12-04 11:29:02,899 - InteractivePlot.kpi_client.kpi_integration - DEBUG - __init__:66 - kpiIntegration initialized with base_name=CCA_9010_3100099_DEBUG_20250828_163718_0001, sensor=header, input_file=C:/Users/ouymc2/Desktop/hdf_db/CCA_9010_3100099_DEBUG_20250828_163718_0001.h5, output_file=C:/Users/ouymc2/Desktop/hdf_db/CCA_9010_3100099_DEBUG_20250828_163718_0001_r00070104.h5, output_dir=C:/Users/ouymc2/Desktop/plotly_62/html, server_host=127.0.0.1, server_port=5555
2025-12-04 11:29:19,008 - InteractivePlot.kpi_client.kpi_integration - WARNING - _ensure_server_process:149 - KPI server not ready after 5 seconds
2025-12-04 11:29:19,010 - root - INFO - parse:187 - Generated HTML report for sensor /header/ with /4/ streams
2025-12-04 11:29:19,011 - InteractivePlot.kpi_client.kpi_integration - DEBUG - __init__:66 - kpiIntegration initialized with base_name=CCA_9010_3100099_DEBUG_20250828_163718_0001, sensor=RL, input_file=C:/Users/ouymc2/Desktop/hdf_db/CCA_9010_3100099_DEBUG_20250828_163718_0001.h5, output_file=C:/Users/ouymc2/Desktop/hdf_db/CCA_9010_3100099_DEBUG_20250828_163718_0001_r00070104.h5, output_dir=C:/Users/ouymc2/Desktop/plotly_62/html, server_host=127.0.0.1, server_port=5555
2025-12-04 11:29:35,086 - InteractivePlot.kpi_client.kpi_integration - WARNING - _ensure_server_process:149 - KPI server not ready after 5 seconds
2025-12-04 11:29:35,145 - root - DEBUG - parse:126 - Time taken by input parsing 0.05594205856323242 in DETECTION_STREAM
2025-12-04 11:29:35,194 - root - DEBUG - parse:163 - Time taken by output parsing 0.047499895095825195 in DETECTION_STREAM
2025-12-04 11:29:37,813 - DataPrep - DEBUG - _track_memory_usage:97 - Resident Set Size (RSS): 109.74 MB
2025-12-04 11:29:37,813 - DataPrep - DEBUG - _track_memory_usage:98 - Virtual Memory Size: 711.69 MB
2025-12-04 11:29:37,813 - DataPrep - INFO - _track_memory_usage:103 - Initial memory usage: 109.73828125 MiB
2025-12-04 11:29:59,518 - root - DEBUG - generate_plots:193 - Time taken by generate plot in parllel or seq figures for 16.561726570129395 in DETECTION_STREAM
2025-12-04 11:29:59,519 - root - INFO - wrapper:13 - Function generate_plots took 21.7052 seconds to execute.
2025-12-04 11:29:59,520 - HtmlGenerator - INFO - _create_folder_structure:85 - Created folder structure for CCA_9010_3100099_DEBUG_20250828_163718_0001
2025-12-04 11:29:59,521 - HtmlGenerator - INFO - generate_and_save_html_files:206 - Generating HTML files for 3 categories
2025-12-04 11:30:02,521 - HtmlGenerator - INFO - generate_and_save_html_files:225 - Category HTML saved: C:\Users\ouymc2\Desktop\plotly_62\html\CCA_9010_3100099_DEBUG_20250828_163718_0001\RL\DETECTION_STREAM\CCA_9010_3100099_DEBUG_20250828_163718_0001_RL_histogram.html (21420.6 KB)
2025-12-04 11:30:03,555 - HtmlGenerator - INFO - generate_and_save_html_files:225 - Category HTML saved: C:\Users\ouymc2\Desktop\plotly_62\html\CCA_9010_3100099_DEBUG_20250828_163718_0001\RL\DETECTION_STREAM\CCA_9010_3100099_DEBUG_20250828_163718_0001_RL_general.html (43232.5 KB)
2025-12-04 11:30:03,785 - HtmlGenerator - INFO - generate_and_save_html_files:225 - Category HTML saved: C:\Users\ouymc2\Desktop\plotly_62\html\CCA_9010_3100099_DEBUG_20250828_163718_0001\RL\DETECTION_STREAM\CCA_9010_3100099_DEBUG_20250828_163718_0001_RL_mismatch.html (419.4 KB)
2025-12-04 11:30:03,787 - HtmlGenerator - INFO - _create_external_assets:496 - CSS file created: C:\Users\ouymc2\Desktop\plotly_62\html\CCA_9010_3100099_DEBUG_20250828_163718_0001\tab_interface.css
2025-12-04 11:30:03,789 - HtmlGenerator - INFO - _create_external_assets:502 - JavaScript file created: C:\Users\ouymc2\Desktop\plotly_62\html\CCA_9010_3100099_DEBUG_20250828_163718_0001\tab_interface.js
2025-12-04 11:30:05,788 - HtmlGenerator - DEBUG - generate_and_save_html_files:246 - No KPI HTML path available yet
2025-12-04 11:30:07,791 - HtmlGenerator - DEBUG - _add_kpi_link:293 - Failed to add KPI link: cannot access local variable 'base_folder' where it is not associated with a value
2025-12-04 11:30:07,811 - root - DEBUG - parse:183 - Time taken by dataprep parsing 32.61633276939392 in DETECTION_STREAM
2025-12-04 11:30:07,811 - root - INFO - parse:187 - Generated HTML report for sensor /RL/ with /4/ streams
2025-12-04 11:30:07,811 - InteractivePlot.kpi_client.kpi_integration - DEBUG - __init__:66 - kpiIntegration initialized with base_name=CCA_9010_3100099_DEBUG_20250828_163718_0001, sensor=RR, input_file=C:/Users/ouymc2/Desktop/hdf_db/CCA_9010_3100099_DEBUG_20250828_163718_0001.h5, output_file=C:/Users/ouymc2/Desktop/hdf_db/CCA_9010_3100099_DEBUG_20250828_163718_0001_r00070104.h5, output_dir=C:/Users/ouymc2/Desktop/plotly_62/html, server_host=127.0.0.1, server_port=5555
2025-12-04 11:30:23,965 - InteractivePlot.kpi_client.kpi_integration - WARNING - _ensure_server_process:149 - KPI server not ready after 5 seconds
2025-12-04 11:30:24,042 - root - DEBUG - parse:126 - Time taken by input parsing 0.07472443580627441 in DETECTION_STREAM
2025-12-04 11:30:24,104 - root - DEBUG - parse:163 - Time taken by output parsing 0.06129622459411621 in DETECTION_STREAM
2025-12-04 11:30:26,148 - DataPrep - DEBUG - _track_memory_usage:97 - Resident Set Size (RSS): 216.21 MB
2025-12-04 11:30:26,148 - DataPrep - DEBUG - _track_memory_usage:98 - Virtual Memory Size: 814.85 MB
2025-12-04 11:30:26,148 - DataPrep - INFO - _track_memory_usage:103 - Initial memory usage: 216.2109375 MiB
2025-12-04 11:30:41,204 - root - DEBUG - generate_plots:193 - Time taken by generate plot in parllel or seq figures for 11.987291812896729 in DETECTION_STREAM
2025-12-04 11:30:42,730 - root - INFO - wrapper:13 - Function generate_plots took 16.5818 seconds to execute.
2025-12-04 11:30:42,732 - HtmlGenerator - INFO - _create_folder_structure:85 - Created folder structure for CCA_9010_3100099_DEBUG_20250828_163718_0001
2025-12-04 11:30:42,732 - HtmlGenerator - INFO - generate_and_save_html_files:206 - Generating HTML files for 3 categories
2025-12-04 11:30:43,056 - HtmlGenerator - INFO - generate_and_save_html_files:225 - Category HTML saved: C:\Users\ouymc2\Desktop\plotly_62\html\CCA_9010_3100099_DEBUG_20250828_163718_0001\RR\DETECTION_STREAM\CCA_9010_3100099_DEBUG_20250828_163718_0001_RR_histogram.html (21404.5 KB)
2025-12-04 11:30:43,842 - HtmlGenerator - INFO - generate_and_save_html_files:225 - Category HTML saved: C:\Users\ouymc2\Desktop\plotly_62\html\CCA_9010_3100099_DEBUG_20250828_163718_0001\RR\DETECTION_STREAM\CCA_9010_3100099_DEBUG_20250828_163718_0001_RR_general.html (43138.0 KB)
2025-12-04 11:30:44,341 - HtmlGenerator - INFO - generate_and_save_html_files:225 - Category HTML saved: C:\Users\ouymc2\Desktop\plotly_62\html\CCA_9010_3100099_DEBUG_20250828_163718_0001\RR\DETECTION_STREAM\CCA_9010_3100099_DEBUG_20250828_163718_0001_RR_mismatch.html (1113.2 KB)
2025-12-04 11:30:44,343 - HtmlGenerator - INFO - _create_external_assets:496 - CSS file created: C:\Users\ouymc2\Desktop\plotly_62\html\CCA_9010_3100099_DEBUG_20250828_163718_0001\tab_interface.css
2025-12-04 11:30:44,345 - HtmlGenerator - INFO - _create_external_assets:502 - JavaScript file created: C:\Users\ouymc2\Desktop\plotly_62\html\CCA_9010_3100099_DEBUG_20250828_163718_0001\tab_interface.js
2025-12-04 11:30:46,341 - HtmlGenerator - DEBUG - generate_and_save_html_files:246 - No KPI HTML path available yet
2025-12-04 11:30:48,344 - HtmlGenerator - DEBUG - _add_kpi_link:293 - Failed to add KPI link: cannot access local variable 'base_folder' where it is not associated with a value
2025-12-04 11:30:48,357 - root - DEBUG - parse:183 - Time taken by dataprep parsing 24.253149032592773 in DETECTION_STREAM
2025-12-04 11:30:48,357 - root - INFO - parse:187 - Generated HTML report for sensor /RR/ with /4/ streams
2025-12-04 11:30:48,358 - InteractivePlot.kpi_client.kpi_integration - DEBUG - __init__:66 - kpiIntegration initialized with base_name=CCA_9010_3100099_DEBUG_20250828_163718_0001, sensor=FR, input_file=C:/Users/ouymc2/Desktop/hdf_db/CCA_9010_3100099_DEBUG_20250828_163718_0001.h5, output_file=C:/Users/ouymc2/Desktop/hdf_db/CCA_9010_3100099_DEBUG_20250828_163718_0001_r00070104.h5, output_dir=C:/Users/ouymc2/Desktop/plotly_62/html, server_host=127.0.0.1, server_port=5555
2025-12-04 11:31:04,457 - InteractivePlot.kpi_client.kpi_integration - WARNING - _ensure_server_process:149 - KPI server not ready after 5 seconds
2025-12-04 11:31:04,586 - root - DEBUG - parse:126 - Time taken by input parsing 0.12571501731872559 in DETECTION_STREAM
2025-12-04 11:31:04,692 - root - DEBUG - parse:163 - Time taken by output parsing 0.10370898246765137 in DETECTION_STREAM
2025-12-04 11:31:09,085 - DataPrep - DEBUG - _track_memory_usage:97 - Resident Set Size (RSS): 231.64 MB
2025-12-04 11:31:09,085 - DataPrep - DEBUG - _track_memory_usage:98 - Virtual Memory Size: 828.48 MB
2025-12-04 11:31:09,085 - DataPrep - INFO - _track_memory_usage:103 - Initial memory usage: 231.63671875 MiB
2025-12-04 11:31:29,956 - root - DEBUG - generate_plots:193 - Time taken by generate plot in parllel or seq figures for 15.479785203933716 in DETECTION_STREAM
2025-12-04 11:31:31,318 - root - INFO - wrapper:13 - Function generate_plots took 22.2323 seconds to execute.
2025-12-04 11:31:31,320 - HtmlGenerator - INFO - _create_folder_structure:85 - Created folder structure for CCA_9010_3100099_DEBUG_20250828_163718_0001
2025-12-04 11:31:31,320 - HtmlGenerator - INFO - generate_and_save_html_files:206 - Generating HTML files for 3 categories
2025-12-04 11:31:31,684 - HtmlGenerator - INFO - generate_and_save_html_files:225 - Category HTML saved: C:\Users\ouymc2\Desktop\plotly_62\html\CCA_9010_3100099_DEBUG_20250828_163718_0001\FR\DETECTION_STREAM\CCA_9010_3100099_DEBUG_20250828_163718_0001_FR_histogram.html (21354.7 KB)
2025-12-04 11:31:32,603 - HtmlGenerator - INFO - generate_and_save_html_files:225 - Category HTML saved: C:\Users\ouymc2\Desktop\plotly_62\html\CCA_9010_3100099_DEBUG_20250828_163718_0001\FR\DETECTION_STREAM\CCA_9010_3100099_DEBUG_20250828_163718_0001_FR_general.html (43023.7 KB)
2025-12-04 11:31:33,111 - HtmlGenerator - INFO - generate_and_save_html_files:225 - Category HTML saved: C:\Users\ouymc2\Desktop\plotly_62\html\CCA_9010_3100099_DEBUG_20250828_163718_0001\FR\DETECTION_STREAM\CCA_9010_3100099_DEBUG_20250828_163718_0001_FR_mismatch.html (903.0 KB)
2025-12-04 11:31:33,112 - HtmlGenerator - INFO - _create_external_assets:496 - CSS file created: C:\Users\ouymc2\Desktop\plotly_62\html\CCA_9010_3100099_DEBUG_20250828_163718_0001\tab_interface.css
2025-12-04 11:31:33,115 - HtmlGenerator - INFO - _create_external_assets:502 - JavaScript file created: C:\Users\ouymc2\Desktop\plotly_62\html\CCA_9010_3100099_DEBUG_20250828_163718_0001\tab_interface.js
2025-12-04 11:31:35,132 - HtmlGenerator - DEBUG - generate_and_save_html_files:246 - No KPI HTML path available yet
2025-12-04 11:31:37,148 - HtmlGenerator - DEBUG - _add_kpi_link:293 - Failed to add KPI link: cannot access local variable 'base_folder' where it is not associated with a value
2025-12-04 11:31:37,163 - root - DEBUG - parse:183 - Time taken by dataprep parsing 32.47037434577942 in DETECTION_STREAM
2025-12-04 11:31:37,163 - root - INFO - parse:187 - Generated HTML report for sensor /FR/ with /4/ streams
2025-12-04 11:31:37,163 - InteractivePlot.kpi_client.kpi_integration - DEBUG - __init__:66 - kpiIntegration initialized with base_name=CCA_9010_3100099_DEBUG_20250828_163718_0001, sensor=FL, input_file=C:/Users/ouymc2/Desktop/hdf_db/CCA_9010_3100099_DEBUG_20250828_163718_0001.h5, output_file=C:/Users/ouymc2/Desktop/hdf_db/CCA_9010_3100099_DEBUG_20250828_163718_0001_r00070104.h5, output_dir=C:/Users/ouymc2/Desktop/plotly_62/html, server_host=127.0.0.1, server_port=5555
2025-12-04 11:31:53,331 - InteractivePlot.kpi_client.kpi_integration - WARNING - _ensure_server_process:149 - KPI server not ready after 5 seconds
2025-12-04 11:31:53,406 - root - DEBUG - parse:126 - Time taken by input parsing 0.07293152809143066 in DETECTION_STREAM
2025-12-04 11:31:53,469 - root - DEBUG - parse:163 - Time taken by output parsing 0.06139683723449707 in DETECTION_STREAM
2025-12-04 11:31:55,542 - DataPrep - DEBUG - _track_memory_usage:97 - Resident Set Size (RSS): 230.41 MB
2025-12-04 11:31:55,542 - DataPrep - DEBUG - _track_memory_usage:98 - Virtual Memory Size: 829.20 MB
2025-12-04 11:31:55,542 - DataPrep - INFO - _track_memory_usage:103 - Initial memory usage: 230.40625 MiB
2025-12-04 11:32:12,828 - root - DEBUG - generate_plots:193 - Time taken by generate plot in parllel or seq figures for 13.898561000823975 in DETECTION_STREAM
2025-12-04 11:32:14,134 - root - INFO - wrapper:13 - Function generate_plots took 18.5913 seconds to execute.
2025-12-04 11:32:14,136 - HtmlGenerator - INFO - _create_folder_structure:85 - Created folder structure for CCA_9010_3100099_DEBUG_20250828_163718_0001
2025-12-04 11:32:14,136 - HtmlGenerator - INFO - generate_and_save_html_files:206 - Generating HTML files for 3 categories
2025-12-04 11:32:14,537 - HtmlGenerator - INFO - generate_and_save_html_files:225 - Category HTML saved: C:\Users\ouymc2\Desktop\plotly_62\html\CCA_9010_3100099_DEBUG_20250828_163718_0001\FL\DETECTION_STREAM\CCA_9010_3100099_DEBUG_20250828_163718_0001_FL_histogram.html (21422.7 KB)
2025-12-04 11:32:15,601 - HtmlGenerator - INFO - generate_and_save_html_files:225 - Category HTML saved: C:\Users\ouymc2\Desktop\plotly_62\html\CCA_9010_3100099_DEBUG_20250828_163718_0001\FL\DETECTION_STREAM\CCA_9010_3100099_DEBUG_20250828_163718_0001_FL_general.html (43206.1 KB)
2025-12-04 11:32:16,463 - HtmlGenerator - INFO - generate_and_save_html_files:225 - Category HTML saved: C:\Users\ouymc2\Desktop\plotly_62\html\CCA_9010_3100099_DEBUG_20250828_163718_0001\FL\DETECTION_STREAM\CCA_9010_3100099_DEBUG_20250828_163718_0001_FL_mismatch.html (1856.7 KB)
2025-12-04 11:32:16,465 - HtmlGenerator - INFO - _create_external_assets:496 - CSS file created: C:\Users\ouymc2\Desktop\plotly_62\html\CCA_9010_3100099_DEBUG_20250828_163718_0001\tab_interface.css
2025-12-04 11:32:16,467 - HtmlGenerator - INFO - _create_external_assets:502 - JavaScript file created: C:\Users\ouymc2\Desktop\plotly_62\html\CCA_9010_3100099_DEBUG_20250828_163718_0001\tab_interface.js
2025-12-04 11:32:18,470 - HtmlGenerator - DEBUG - generate_and_save_html_files:246 - No KPI HTML path available yet
2025-12-04 11:32:20,484 - HtmlGenerator - DEBUG - _add_kpi_link:293 - Failed to add KPI link: cannot access local variable 'base_folder' where it is not associated with a value
2025-12-04 11:32:20,589 - root - DEBUG - parse:183 - Time taken by dataprep parsing 27.119643688201904 in DETECTION_STREAM
2025-12-04 11:32:20,589 - root - INFO - parse:187 - Generated HTML report for sensor /FL/ with /4/ streams
2025-12-04 11:32:20,599 - HtmlGenerator - INFO - create_base_index:570 - Per-base index created: C:\Users\ouymc2\Desktop\plotly_62\html\CCA_9010_3100099_DEBUG_20250828_163718_0001\CCA_9010_3100099_DEBUG_20250828_163718_0001.html
2025-12-04 11:32:20,599 - root - INFO - parse:195 - Per-base index created: C:\Users\ouymc2\Desktop\plotly_62\html\CCA_9010_3100099_DEBUG_20250828_163718_0001\CCA_9010_3100099_DEBUG_20250828_163718_0001.html
2025-12-04 11:32:20,599 - root - INFO - parse:43 - 
Processing input file: CCA_9010_3100099_DEBUG_20250828_163733_0002.h5
2025-12-04 11:32:20,600 - root - INFO - parse:44 - Processing output file: CCA_9010_3100099_DEBUG_20250828_163733_0002_r00070104.h5 

2025-12-04 11:32:20,945 - root - INFO - parse:51 - Warning: Missing data if in input not in output or viceversa : {'missing_groups': [], 'missing_datasets': []}
2025-12-04 11:32:20,946 - root - INFO - parse:55 - Found 5 sensors: header, RL, RR, FR, FL
2025-12-04 11:32:20,946 - root - INFO - parse:56 - Found 4 streams: RDD_STREAM, DETECTION_STREAM, DYNAMIC_ALIGNMENT_STREAM, HEADER_STREAM
2025-12-04 11:32:20,948 - InteractivePlot.kpi_client.kpi_integration - DEBUG - __init__:66 - kpiIntegration initialized with base_name=CCA_9010_3100099_DEBUG_20250828_163733_0002, sensor=header, input_file=C:/Users/ouymc2/Desktop/hdf_db/CCA_9010_3100099_DEBUG_20250828_163733_0002.h5, output_file=C:/Users/ouymc2/Desktop/hdf_db/CCA_9010_3100099_DEBUG_20250828_163733_0002_r00070104.h5, output_dir=C:/Users/ouymc2/Desktop/plotly_62/html, server_host=127.0.0.1, server_port=5555
2025-12-04 11:32:37,034 - InteractivePlot.kpi_client.kpi_integration - WARNING - _ensure_server_process:149 - KPI server not ready after 5 seconds
2025-12-04 11:32:37,042 - root - INFO - parse:187 - Generated HTML report for sensor /header/ with /4/ streams
2025-12-04 11:32:37,042 - InteractivePlot.kpi_client.kpi_integration - DEBUG - __init__:66 - kpiIntegration initialized with base_name=CCA_9010_3100099_DEBUG_20250828_163733_0002, sensor=RL, input_file=C:/Users/ouymc2/Desktop/hdf_db/CCA_9010_3100099_DEBUG_20250828_163733_0002.h5, output_file=C:/Users/ouymc2/Desktop/hdf_db/CCA_9010_3100099_DEBUG_20250828_163733_0002_r00070104.h5, output_dir=C:/Users/ouymc2/Desktop/plotly_62/html, server_host=127.0.0.1, server_port=5555
2025-12-04 11:32:53,178 - InteractivePlot.kpi_client.kpi_integration - WARNING - _ensure_server_process:149 - KPI server not ready after 5 seconds
2025-12-04 11:32:53,258 - root - DEBUG - parse:126 - Time taken by input parsing 0.07629084587097168 in DETECTION_STREAM
2025-12-04 11:32:53,318 - root - DEBUG - parse:163 - Time taken by output parsing 0.05806326866149902 in DETECTION_STREAM
2025-12-04 11:32:56,139 - DataPrep - DEBUG - _track_memory_usage:97 - Resident Set Size (RSS): 196.62 MB
2025-12-04 11:32:56,139 - DataPrep - DEBUG - _track_memory_usage:98 - Virtual Memory Size: 794.97 MB
2025-12-04 11:32:56,139 - DataPrep - INFO - _track_memory_usage:103 - Initial memory usage: 196.625 MiB
2025-12-04 11:33:11,496 - root - DEBUG - generate_plots:193 - Time taken by generate plot in parllel or seq figures for 12.223290205001831 in DETECTION_STREAM
2025-12-04 11:33:12,816 - root - INFO - wrapper:13 - Function generate_plots took 16.6770 seconds to execute.
2025-12-04 11:33:12,818 - HtmlGenerator - INFO - _create_folder_structure:85 - Created folder structure for CCA_9010_3100099_DEBUG_20250828_163733_0002
2025-12-04 11:33:12,818 - HtmlGenerator - INFO - generate_and_save_html_files:206 - Generating HTML files for 3 categories
2025-12-04 11:33:13,243 - HtmlGenerator - INFO - generate_and_save_html_files:225 - Category HTML saved: C:\Users\ouymc2\Desktop\plotly_62\html\CCA_9010_3100099_DEBUG_20250828_163733_0002\RL\DETECTION_STREAM\CCA_9010_3100099_DEBUG_20250828_163733_0002_RL_histogram.html (21431.8 KB)
2025-12-04 11:33:14,323 - HtmlGenerator - INFO - generate_and_save_html_files:225 - Category HTML saved: C:\Users\ouymc2\Desktop\plotly_62\html\CCA_9010_3100099_DEBUG_20250828_163733_0002\RL\DETECTION_STREAM\CCA_9010_3100099_DEBUG_20250828_163733_0002_RL_general.html (43512.1 KB)
2025-12-04 11:33:14,902 - HtmlGenerator - INFO - generate_and_save_html_files:225 - Category HTML saved: C:\Users\ouymc2\Desktop\plotly_62\html\CCA_9010_3100099_DEBUG_20250828_163733_0002\RL\DETECTION_STREAM\CCA_9010_3100099_DEBUG_20250828_163733_0002_RL_mismatch.html (1245.9 KB)
2025-12-04 11:33:14,905 - HtmlGenerator - INFO - _create_external_assets:496 - CSS file created: C:\Users\ouymc2\Desktop\plotly_62\html\CCA_9010_3100099_DEBUG_20250828_163733_0002\tab_interface.css
2025-12-04 11:33:14,908 - HtmlGenerator - INFO - _create_external_assets:502 - JavaScript file created: C:\Users\ouymc2\Desktop\plotly_62\html\CCA_9010_3100099_DEBUG_20250828_163733_0002\tab_interface.js
2025-12-04 11:33:16,925 - HtmlGenerator - DEBUG - generate_and_save_html_files:246 - No KPI HTML path available yet
2025-12-04 11:33:18,936 - HtmlGenerator - DEBUG - _add_kpi_link:293 - Failed to add KPI link: cannot access local variable 'base_folder' where it is not associated with a value
2025-12-04 11:33:18,952 - root - DEBUG - parse:183 - Time taken by dataprep parsing 25.633623600006104 in DETECTION_STREAM
2025-12-04 11:33:18,952 - root - INFO - parse:187 - Generated HTML report for sensor /RL/ with /4/ streams
2025-12-04 11:33:18,952 - InteractivePlot.kpi_client.kpi_integration - DEBUG - __init__:66 - kpiIntegration initialized with base_name=CCA_9010_3100099_DEBUG_20250828_163733_0002, sensor=RR, input_file=C:/Users/ouymc2/Desktop/hdf_db/CCA_9010_3100099_DEBUG_20250828_163733_0002.h5, output_file=C:/Users/ouymc2/Desktop/hdf_db/CCA_9010_3100099_DEBUG_20250828_163733_0002_r00070104.h5, output_dir=C:/Users/ouymc2/Desktop/plotly_62/html, server_host=127.0.0.1, server_port=5555
2025-12-04 11:33:35,071 - InteractivePlot.kpi_client.kpi_integration - WARNING - _ensure_server_process:149 - KPI server not ready after 5 seconds
2025-12-04 11:33:35,171 - root - DEBUG - parse:126 - Time taken by input parsing 0.09739446640014648 in DETECTION_STREAM
2025-12-04 11:33:35,255 - root - DEBUG - parse:163 - Time taken by output parsing 0.08278608322143555 in DETECTION_STREAM
2025-12-04 11:33:37,473 - DataPrep - DEBUG - _track_memory_usage:97 - Resident Set Size (RSS): 241.93 MB
2025-12-04 11:33:37,473 - DataPrep - DEBUG - _track_memory_usage:98 - Virtual Memory Size: 840.18 MB
2025-12-04 11:33:37,473 - DataPrep - INFO - _track_memory_usage:103 - Initial memory usage: 241.9296875 MiB
2025-12-04 11:33:55,073 - root - DEBUG - generate_plots:193 - Time taken by generate plot in parllel or seq figures for 13.509138584136963 in DETECTION_STREAM
2025-12-04 11:33:56,540 - root - INFO - wrapper:13 - Function generate_plots took 19.0664 seconds to execute.
2025-12-04 11:33:56,543 - HtmlGenerator - INFO - _create_folder_structure:85 - Created folder structure for CCA_9010_3100099_DEBUG_20250828_163733_0002
2025-12-04 11:33:56,543 - HtmlGenerator - INFO - generate_and_save_html_files:206 - Generating HTML files for 3 categories
2025-12-04 11:33:56,881 - HtmlGenerator - INFO - generate_and_save_html_files:225 - Category HTML saved: C:\Users\ouymc2\Desktop\plotly_62\html\CCA_9010_3100099_DEBUG_20250828_163733_0002\RR\DETECTION_STREAM\CCA_9010_3100099_DEBUG_20250828_163733_0002_RR_histogram.html (21384.4 KB)
2025-12-04 11:33:57,622 - HtmlGenerator - INFO - generate_and_save_html_files:225 - Category HTML saved: C:\Users\ouymc2\Desktop\plotly_62\html\CCA_9010_3100099_DEBUG_20250828_163733_0002\RR\DETECTION_STREAM\CCA_9010_3100099_DEBUG_20250828_163733_0002_RR_general.html (43399.2 KB)
2025-12-04 11:33:57,890 - HtmlGenerator - INFO - generate_and_save_html_files:225 - Category HTML saved: C:\Users\ouymc2\Desktop\plotly_62\html\CCA_9010_3100099_DEBUG_20250828_163733_0002\RR\DETECTION_STREAM\CCA_9010_3100099_DEBUG_20250828_163733_0002_RR_mismatch.html (631.0 KB)
2025-12-04 11:33:57,892 - HtmlGenerator - INFO - _create_external_assets:496 - CSS file created: C:\Users\ouymc2\Desktop\plotly_62\html\CCA_9010_3100099_DEBUG_20250828_163733_0002\tab_interface.css
2025-12-04 11:33:57,894 - HtmlGenerator - INFO - _create_external_assets:502 - JavaScript file created: C:\Users\ouymc2\Desktop\plotly_62\html\CCA_9010_3100099_DEBUG_20250828_163733_0002\tab_interface.js
2025-12-04 11:33:59,892 - HtmlGenerator - DEBUG - generate_and_save_html_files:246 - No KPI HTML path available yet
2025-12-04 11:34:01,917 - HtmlGenerator - DEBUG - _add_kpi_link:293 - Failed to add KPI link: cannot access local variable 'base_folder' where it is not associated with a value
2025-12-04 11:34:01,931 - root - DEBUG - parse:183 - Time taken by dataprep parsing 26.676103591918945 in DETECTION_STREAM
2025-12-04 11:34:01,931 - root - INFO - parse:187 - Generated HTML report for sensor /RR/ with /4/ streams
2025-12-04 11:34:01,932 - InteractivePlot.kpi_client.kpi_integration - DEBUG - __init__:66 - kpiIntegration initialized with base_name=CCA_9010_3100099_DEBUG_20250828_163733_0002, sensor=FR, input_file=C:/Users/ouymc2/Desktop/hdf_db/CCA_9010_3100099_DEBUG_20250828_163733_0002.h5, output_file=C:/Users/ouymc2/Desktop/hdf_db/CCA_9010_3100099_DEBUG_20250828_163733_0002_r00070104.h5, output_dir=C:/Users/ouymc2/Desktop/plotly_62/html, server_host=127.0.0.1, server_port=5555
2025-12-04 11:34:18,053 - InteractivePlot.kpi_client.kpi_integration - WARNING - _ensure_server_process:149 - KPI server not ready after 5 seconds
2025-12-04 11:34:18,139 - root - DEBUG - parse:126 - Time taken by input parsing 0.08369898796081543 in DETECTION_STREAM
2025-12-04 11:34:18,208 - root - DEBUG - parse:163 - Time taken by output parsing 0.06681370735168457 in DETECTION_STREAM
2025-12-04 11:34:20,605 - DataPrep - DEBUG - _track_memory_usage:97 - Resident Set Size (RSS): 236.48 MB
2025-12-04 11:34:20,605 - DataPrep - DEBUG - _track_memory_usage:98 - Virtual Memory Size: 835.67 MB
2025-12-04 11:34:20,605 - DataPrep - INFO - _track_memory_usage:103 - Initial memory usage: 236.48046875 MiB
2025-12-04 11:34:37,167 - root - DEBUG - generate_plots:193 - Time taken by generate plot in parllel or seq figures for 13.243203401565552 in DETECTION_STREAM
2025-12-04 11:34:38,832 - root - INFO - wrapper:13 - Function generate_plots took 18.2260 seconds to execute.
2025-12-04 11:34:38,834 - HtmlGenerator - INFO - _create_folder_structure:85 - Created folder structure for CCA_9010_3100099_DEBUG_20250828_163733_0002
2025-12-04 11:34:38,834 - HtmlGenerator - INFO - generate_and_save_html_files:206 - Generating HTML files for 3 categories
2025-12-04 11:34:39,218 - HtmlGenerator - INFO - generate_and_save_html_files:225 - Category HTML saved: C:\Users\ouymc2\Desktop\plotly_62\html\CCA_9010_3100099_DEBUG_20250828_163733_0002\FR\DETECTION_STREAM\CCA_9010_3100099_DEBUG_20250828_163733_0002_FR_histogram.html (21303.3 KB)
2025-12-04 11:34:40,210 - HtmlGenerator - INFO - generate_and_save_html_files:225 - Category HTML saved: C:\Users\ouymc2\Desktop\plotly_62\html\CCA_9010_3100099_DEBUG_20250828_163733_0002\FR\DETECTION_STREAM\CCA_9010_3100099_DEBUG_20250828_163733_0002_FR_general.html (43194.5 KB)
2025-12-04 11:34:40,500 - HtmlGenerator - INFO - generate_and_save_html_files:225 - Category HTML saved: C:\Users\ouymc2\Desktop\plotly_62\html\CCA_9010_3100099_DEBUG_20250828_163733_0002\FR\DETECTION_STREAM\CCA_9010_3100099_DEBUG_20250828_163733_0002_FR_mismatch.html (339.4 KB)
2025-12-04 11:34:40,502 - HtmlGenerator - INFO - _create_external_assets:496 - CSS file created: C:\Users\ouymc2\Desktop\plotly_62\html\CCA_9010_3100099_DEBUG_20250828_163733_0002\tab_interface.css
2025-12-04 11:34:40,505 - HtmlGenerator - INFO - _create_external_assets:502 - JavaScript file created: C:\Users\ouymc2\Desktop\plotly_62\html\CCA_9010_3100099_DEBUG_20250828_163733_0002\tab_interface.js
2025-12-04 11:34:42,514 - HtmlGenerator - DEBUG - generate_and_save_html_files:246 - No KPI HTML path available yet
2025-12-04 11:34:44,521 - HtmlGenerator - DEBUG - _add_kpi_link:293 - Failed to add KPI link: cannot access local variable 'base_folder' where it is not associated with a value
2025-12-04 11:34:44,534 - root - DEBUG - parse:183 - Time taken by dataprep parsing 26.32590961456299 in DETECTION_STREAM
2025-12-04 11:34:44,534 - root - INFO - parse:187 - Generated HTML report for sensor /FR/ with /4/ streams
2025-12-04 11:34:44,534 - InteractivePlot.kpi_client.kpi_integration - DEBUG - __init__:66 - kpiIntegration initialized with base_name=CCA_9010_3100099_DEBUG_20250828_163733_0002, sensor=FL, input_file=C:/Users/ouymc2/Desktop/hdf_db/CCA_9010_3100099_DEBUG_20250828_163733_0002.h5, output_file=C:/Users/ouymc2/Desktop/hdf_db/CCA_9010_3100099_DEBUG_20250828_163733_0002_r00070104.h5, output_dir=C:/Users/ouymc2/Desktop/plotly_62/html, server_host=127.0.0.1, server_port=5555
2025-12-04 11:35:00,690 - InteractivePlot.kpi_client.kpi_integration - WARNING - _ensure_server_process:149 - KPI server not ready after 5 seconds
2025-12-04 11:35:00,765 - root - DEBUG - parse:126 - Time taken by input parsing 0.07198238372802734 in DETECTION_STREAM
2025-12-04 11:35:00,826 - root - DEBUG - parse:163 - Time taken by output parsing 0.059789419174194336 in DETECTION_STREAM
2025-12-04 11:35:03,251 - DataPrep - DEBUG - _track_memory_usage:97 - Resident Set Size (RSS): 237.45 MB
2025-12-04 11:35:03,251 - DataPrep - DEBUG - _track_memory_usage:98 - Virtual Memory Size: 833.64 MB
2025-12-04 11:35:03,251 - DataPrep - INFO - _track_memory_usage:103 - Initial memory usage: 237.44921875 MiB
2025-12-04 11:35:18,470 - root - DEBUG - generate_plots:193 - Time taken by generate plot in parllel or seq figures for 12.038183450698853 in DETECTION_STREAM
2025-12-04 11:35:19,814 - root - INFO - wrapper:13 - Function generate_plots took 16.5628 seconds to execute.
2025-12-04 11:35:19,816 - HtmlGenerator - INFO - _create_folder_structure:85 - Created folder structure for CCA_9010_3100099_DEBUG_20250828_163733_0002
2025-12-04 11:35:19,816 - HtmlGenerator - INFO - generate_and_save_html_files:206 - Generating HTML files for 3 categories
2025-12-04 11:35:20,302 - HtmlGenerator - INFO - generate_and_save_html_files:225 - Category HTML saved: C:\Users\ouymc2\Desktop\plotly_62\html\CCA_9010_3100099_DEBUG_20250828_163733_0002\FL\DETECTION_STREAM\CCA_9010_3100099_DEBUG_20250828_163733_0002_FL_histogram.html (21416.5 KB)
2025-12-04 11:35:21,355 - HtmlGenerator - INFO - generate_and_save_html_files:225 - Category HTML saved: C:\Users\ouymc2\Desktop\plotly_62\html\CCA_9010_3100099_DEBUG_20250828_163733_0002\FL\DETECTION_STREAM\CCA_9010_3100099_DEBUG_20250828_163733_0002_FL_general.html (43480.1 KB)
2025-12-04 11:35:21,709 - HtmlGenerator - INFO - generate_and_save_html_files:225 - Category HTML saved: C:\Users\ouymc2\Desktop\plotly_62\html\CCA_9010_3100099_DEBUG_20250828_163733_0002\FL\DETECTION_STREAM\CCA_9010_3100099_DEBUG_20250828_163733_0002_FL_mismatch.html (623.9 KB)
2025-12-04 11:35:21,711 - HtmlGenerator - INFO - _create_external_assets:496 - CSS file created: C:\Users\ouymc2\Desktop\plotly_62\html\CCA_9010_3100099_DEBUG_20250828_163733_0002\tab_interface.css
2025-12-04 11:35:21,713 - HtmlGenerator - INFO - _create_external_assets:502 - JavaScript file created: C:\Users\ouymc2\Desktop\plotly_62\html\CCA_9010_3100099_DEBUG_20250828_163733_0002\tab_interface.js
2025-12-04 11:35:23,728 - HtmlGenerator - DEBUG - generate_and_save_html_files:246 - No KPI HTML path available yet
2025-12-04 11:35:25,742 - HtmlGenerator - DEBUG - _add_kpi_link:293 - Failed to add KPI link: cannot access local variable 'base_folder' where it is not associated with a value
2025-12-04 11:35:25,756 - root - DEBUG - parse:183 - Time taken by dataprep parsing 24.92933225631714 in DETECTION_STREAM
2025-12-04 11:35:25,756 - root - INFO - parse:187 - Generated HTML report for sensor /FL/ with /4/ streams
2025-12-04 11:35:25,764 - HtmlGenerator - INFO - create_base_index:570 - Per-base index created: C:\Users\ouymc2\Desktop\plotly_62\html\CCA_9010_3100099_DEBUG_20250828_163733_0002\CCA_9010_3100099_DEBUG_20250828_163733_0002.html
2025-12-04 11:35:25,765 - root - INFO - parse:195 - Per-base index created: C:\Users\ouymc2\Desktop\plotly_62\html\CCA_9010_3100099_DEBUG_20250828_163733_0002\CCA_9010_3100099_DEBUG_20250828_163733_0002.html
2025-12-04 11:35:25,765 - root - INFO - parse:43 - 
Processing input file: CCA_9010_3100099_DEBUG_20250828_163748_0003.h5
2025-12-04 11:35:25,765 - root - INFO - parse:44 - Processing output file: CCA_9010_3100099_DEBUG_20250828_163748_0003_r00070104.h5 

2025-12-04 11:35:26,181 - root - INFO - parse:51 - Warning: Missing data if in input not in output or viceversa : {'missing_groups': [], 'missing_datasets': []}
2025-12-04 11:35:26,181 - root - INFO - parse:55 - Found 5 sensors: header, RL, RR, FR, FL
2025-12-04 11:35:26,181 - root - INFO - parse:56 - Found 4 streams: RDD_STREAM, DETECTION_STREAM, DYNAMIC_ALIGNMENT_STREAM, HEADER_STREAM
2025-12-04 11:35:26,182 - InteractivePlot.kpi_client.kpi_integration - DEBUG - __init__:66 - kpiIntegration initialized with base_name=CCA_9010_3100099_DEBUG_20250828_163748_0003, sensor=header, input_file=C:/Users/ouymc2/Desktop/hdf_db/CCA_9010_3100099_DEBUG_20250828_163748_0003.h5, output_file=C:/Users/ouymc2/Desktop/hdf_db/CCA_9010_3100099_DEBUG_20250828_163748_0003_r00070104.h5, output_dir=C:/Users/ouymc2/Desktop/plotly_62/html, server_host=127.0.0.1, server_port=5555
2025-12-04 11:35:42,332 - InteractivePlot.kpi_client.kpi_integration - WARNING - _ensure_server_process:149 - KPI server not ready after 5 seconds
2025-12-04 11:35:42,337 - root - INFO - parse:187 - Generated HTML report for sensor /header/ with /4/ streams
2025-12-04 11:35:42,337 - InteractivePlot.kpi_client.kpi_integration - DEBUG - __init__:66 - kpiIntegration initialized with base_name=CCA_9010_3100099_DEBUG_20250828_163748_0003, sensor=RL, input_file=C:/Users/ouymc2/Desktop/hdf_db/CCA_9010_3100099_DEBUG_20250828_163748_0003.h5, output_file=C:/Users/ouymc2/Desktop/hdf_db/CCA_9010_3100099_DEBUG_20250828_163748_0003_r00070104.h5, output_dir=C:/Users/ouymc2/Desktop/plotly_62/html, server_host=127.0.0.1, server_port=5555
2025-12-04 11:35:58,465 - InteractivePlot.kpi_client.kpi_integration - WARNING - _ensure_server_process:149 - KPI server not ready after 5 seconds
2025-12-04 11:35:58,542 - root - DEBUG - parse:126 - Time taken by input parsing 0.07123374938964844 in DETECTION_STREAM
2025-12-04 11:35:58,604 - root - DEBUG - parse:163 - Time taken by output parsing 0.058977365493774414 in DETECTION_STREAM
2025-12-04 11:36:00,727 - DataPrep - DEBUG - _track_memory_usage:97 - Resident Set Size (RSS): 204.50 MB
2025-12-04 11:36:00,727 - DataPrep - DEBUG - _track_memory_usage:98 - Virtual Memory Size: 802.19 MB
2025-12-04 11:36:00,727 - DataPrep - INFO - _track_memory_usage:103 - Initial memory usage: 204.49609375 MiB
2025-12-04 11:36:15,593 - root - DEBUG - generate_plots:193 - Time taken by generate plot in parllel or seq figures for 11.706527471542358 in DETECTION_STREAM
2025-12-04 11:36:17,132 - root - INFO - wrapper:13 - Function generate_plots took 16.4046 seconds to execute.
2025-12-04 11:36:17,135 - HtmlGenerator - INFO - _create_folder_structure:85 - Created folder structure for CCA_9010_3100099_DEBUG_20250828_163748_0003
2025-12-04 11:36:17,136 - HtmlGenerator - INFO - generate_and_save_html_files:206 - Generating HTML files for 3 categories
2025-12-04 11:36:17,466 - HtmlGenerator - INFO - generate_and_save_html_files:225 - Category HTML saved: C:\Users\ouymc2\Desktop\plotly_62\html\CCA_9010_3100099_DEBUG_20250828_163748_0003\RL\DETECTION_STREAM\CCA_9010_3100099_DEBUG_20250828_163748_0003_RL_histogram.html (21434.6 KB)
2025-12-04 11:36:18,226 - HtmlGenerator - INFO - generate_and_save_html_files:225 - Category HTML saved: C:\Users\ouymc2\Desktop\plotly_62\html\CCA_9010_3100099_DEBUG_20250828_163748_0003\RL\DETECTION_STREAM\CCA_9010_3100099_DEBUG_20250828_163748_0003_RL_general.html (43294.5 KB)
2025-12-04 11:36:18,754 - HtmlGenerator - INFO - generate_and_save_html_files:225 - Category HTML saved: C:\Users\ouymc2\Desktop\plotly_62\html\CCA_9010_3100099_DEBUG_20250828_163748_0003\RL\DETECTION_STREAM\CCA_9010_3100099_DEBUG_20250828_163748_0003_RL_mismatch.html (1387.8 KB)
2025-12-04 11:36:18,756 - HtmlGenerator - INFO - _create_external_assets:496 - CSS file created: C:\Users\ouymc2\Desktop\plotly_62\html\CCA_9010_3100099_DEBUG_20250828_163748_0003\tab_interface.css
2025-12-04 11:36:18,758 - HtmlGenerator - INFO - _create_external_assets:502 - JavaScript file created: C:\Users\ouymc2\Desktop\plotly_62\html\CCA_9010_3100099_DEBUG_20250828_163748_0003\tab_interface.js
2025-12-04 11:36:20,762 - HtmlGenerator - DEBUG - generate_and_save_html_files:246 - No KPI HTML path available yet
2025-12-04 11:36:22,764 - HtmlGenerator - DEBUG - _add_kpi_link:293 - Failed to add KPI link: cannot access local variable 'base_folder' where it is not associated with a value
2025-12-04 11:36:22,783 - root - DEBUG - parse:183 - Time taken by dataprep parsing 24.17884922027588 in DETECTION_STREAM
2025-12-04 11:36:22,783 - root - INFO - parse:187 - Generated HTML report for sensor /RL/ with /4/ streams
2025-12-04 11:36:22,783 - InteractivePlot.kpi_client.kpi_integration - DEBUG - __init__:66 - kpiIntegration initialized with base_name=CCA_9010_3100099_DEBUG_20250828_163748_0003, sensor=RR, input_file=C:/Users/ouymc2/Desktop/hdf_db/CCA_9010_3100099_DEBUG_20250828_163748_0003.h5, output_file=C:/Users/ouymc2/Desktop/hdf_db/CCA_9010_3100099_DEBUG_20250828_163748_0003_r00070104.h5, output_dir=C:/Users/ouymc2/Desktop/plotly_62/html, server_host=127.0.0.1, server_port=5555
2025-12-04 11:36:38,908 - InteractivePlot.kpi_client.kpi_integration - WARNING - _ensure_server_process:149 - KPI server not ready after 5 seconds
2025-12-04 11:36:38,981 - root - DEBUG - parse:126 - Time taken by input parsing 0.07046699523925781 in DETECTION_STREAM
2025-12-04 11:36:39,040 - root - DEBUG - parse:163 - Time taken by output parsing 0.057831764221191406 in DETECTION_STREAM
2025-12-04 11:36:41,035 - DataPrep - DEBUG - _track_memory_usage:97 - Resident Set Size (RSS): 246.75 MB
2025-12-04 11:36:41,036 - DataPrep - DEBUG - _track_memory_usage:98 - Virtual Memory Size: 844.50 MB
2025-12-04 11:36:41,036 - DataPrep - INFO - _track_memory_usage:103 - Initial memory usage: 246.74609375 MiB
2025-12-04 11:36:56,908 - root - DEBUG - generate_plots:193 - Time taken by generate plot in parllel or seq figures for 12.452680587768555 in DETECTION_STREAM
2025-12-04 11:36:58,398 - root - INFO - wrapper:13 - Function generate_plots took 17.3620 seconds to execute.
2025-12-04 11:36:58,400 - HtmlGenerator - INFO - _create_folder_structure:85 - Created folder structure for CCA_9010_3100099_DEBUG_20250828_163748_0003
2025-12-04 11:36:58,400 - HtmlGenerator - INFO - generate_and_save_html_files:206 - Generating HTML files for 3 categories
2025-12-04 11:36:58,741 - HtmlGenerator - INFO - generate_and_save_html_files:225 - Category HTML saved: C:\Users\ouymc2\Desktop\plotly_62\html\CCA_9010_3100099_DEBUG_20250828_163748_0003\RR\DETECTION_STREAM\CCA_9010_3100099_DEBUG_20250828_163748_0003_RR_histogram.html (21397.5 KB)
2025-12-04 11:36:59,544 - HtmlGenerator - INFO - generate_and_save_html_files:225 - Category HTML saved: C:\Users\ouymc2\Desktop\plotly_62\html\CCA_9010_3100099_DEBUG_20250828_163748_0003\RR\DETECTION_STREAM\CCA_9010_3100099_DEBUG_20250828_163748_0003_RR_general.html (43229.7 KB)
2025-12-04 11:37:00,193 - HtmlGenerator - INFO - generate_and_save_html_files:225 - Category HTML saved: C:\Users\ouymc2\Desktop\plotly_62\html\CCA_9010_3100099_DEBUG_20250828_163748_0003\RR\DETECTION_STREAM\CCA_9010_3100099_DEBUG_20250828_163748_0003_RR_mismatch.html (1679.3 KB)
2025-12-04 11:37:00,195 - HtmlGenerator - INFO - _create_external_assets:496 - CSS file created: C:\Users\ouymc2\Desktop\plotly_62\html\CCA_9010_3100099_DEBUG_20250828_163748_0003\tab_interface.css
2025-12-04 11:37:00,197 - HtmlGenerator - INFO - _create_external_assets:502 - JavaScript file created: C:\Users\ouymc2\Desktop\plotly_62\html\CCA_9010_3100099_DEBUG_20250828_163748_0003\tab_interface.js
2025-12-04 11:37:02,208 - HtmlGenerator - DEBUG - generate_and_save_html_files:246 - No KPI HTML path available yet
2025-12-04 11:37:04,226 - HtmlGenerator - DEBUG - _add_kpi_link:293 - Failed to add KPI link: cannot access local variable 'base_folder' where it is not associated with a value
2025-12-04 11:37:04,242 - root - DEBUG - parse:183 - Time taken by dataprep parsing 25.20159077644348 in DETECTION_STREAM
2025-12-04 11:37:04,242 - root - INFO - parse:187 - Generated HTML report for sensor /RR/ with /4/ streams
2025-12-04 11:37:04,242 - InteractivePlot.kpi_client.kpi_integration - DEBUG - __init__:66 - kpiIntegration initialized with base_name=CCA_9010_3100099_DEBUG_20250828_163748_0003, sensor=FR, input_file=C:/Users/ouymc2/Desktop/hdf_db/CCA_9010_3100099_DEBUG_20250828_163748_0003.h5, output_file=C:/Users/ouymc2/Desktop/hdf_db/CCA_9010_3100099_DEBUG_20250828_163748_0003_r00070104.h5, output_dir=C:/Users/ouymc2/Desktop/plotly_62/html, server_host=127.0.0.1, server_port=5555
2025-12-04 11:37:20,367 - InteractivePlot.kpi_client.kpi_integration - WARNING - _ensure_server_process:149 - KPI server not ready after 5 seconds
2025-12-04 11:37:20,466 - root - DEBUG - parse:126 - Time taken by input parsing 0.09540271759033203 in DETECTION_STREAM
2025-12-04 11:37:20,534 - root - DEBUG - parse:163 - Time taken by output parsing 0.06705403327941895 in DETECTION_STREAM
2025-12-04 11:37:22,622 - DataPrep - DEBUG - _track_memory_usage:97 - Resident Set Size (RSS): 250.77 MB
2025-12-04 11:37:22,622 - DataPrep - DEBUG - _track_memory_usage:98 - Virtual Memory Size: 852.92 MB
2025-12-04 11:37:22,622 - DataPrep - INFO - _track_memory_usage:103 - Initial memory usage: 250.765625 MiB
2025-12-04 11:37:37,453 - root - DEBUG - generate_plots:193 - Time taken by generate plot in parllel or seq figures for 11.332761287689209 in DETECTION_STREAM
2025-12-04 11:37:39,001 - root - INFO - wrapper:13 - Function generate_plots took 16.3785 seconds to execute.
2025-12-04 11:37:39,002 - HtmlGenerator - INFO - _create_folder_structure:85 - Created folder structure for CCA_9010_3100099_DEBUG_20250828_163748_0003
2025-12-04 11:37:39,002 - HtmlGenerator - INFO - generate_and_save_html_files:206 - Generating HTML files for 3 categories
2025-12-04 11:37:39,340 - HtmlGenerator - INFO - generate_and_save_html_files:225 - Category HTML saved: C:\Users\ouymc2\Desktop\plotly_62\html\CCA_9010_3100099_DEBUG_20250828_163748_0003\FR\DETECTION_STREAM\CCA_9010_3100099_DEBUG_20250828_163748_0003_FR_histogram.html (21324.3 KB)
2025-12-04 11:37:40,073 - HtmlGenerator - INFO - generate_and_save_html_files:225 - Category HTML saved: C:\Users\ouymc2\Desktop\plotly_62\html\CCA_9010_3100099_DEBUG_20250828_163748_0003\FR\DETECTION_STREAM\CCA_9010_3100099_DEBUG_20250828_163748_0003_FR_general.html (43022.3 KB)
2025-12-04 11:37:40,378 - HtmlGenerator - INFO - generate_and_save_html_files:225 - Category HTML saved: C:\Users\ouymc2\Desktop\plotly_62\html\CCA_9010_3100099_DEBUG_20250828_163748_0003\FR\DETECTION_STREAM\CCA_9010_3100099_DEBUG_20250828_163748_0003_FR_mismatch.html (832.6 KB)
2025-12-04 11:37:40,380 - HtmlGenerator - INFO - _create_external_assets:496 - CSS file created: C:\Users\ouymc2\Desktop\plotly_62\html\CCA_9010_3100099_DEBUG_20250828_163748_0003\tab_interface.css
2025-12-04 11:37:40,381 - HtmlGenerator - INFO - _create_external_assets:502 - JavaScript file created: C:\Users\ouymc2\Desktop\plotly_62\html\CCA_9010_3100099_DEBUG_20250828_163748_0003\tab_interface.js
2025-12-04 11:37:42,392 - HtmlGenerator - DEBUG - generate_and_save_html_files:246 - No KPI HTML path available yet
2025-12-04 11:37:44,392 - HtmlGenerator - DEBUG - _add_kpi_link:293 - Failed to add KPI link: cannot access local variable 'base_folder' where it is not associated with a value
2025-12-04 11:37:44,409 - root - DEBUG - parse:183 - Time taken by dataprep parsing 23.874465703964233 in DETECTION_STREAM
2025-12-04 11:37:44,409 - root - INFO - parse:187 - Generated HTML report for sensor /FR/ with /4/ streams
2025-12-04 11:37:44,409 - InteractivePlot.kpi_client.kpi_integration - DEBUG - __init__:66 - kpiIntegration initialized with base_name=CCA_9010_3100099_DEBUG_20250828_163748_0003, sensor=FL, input_file=C:/Users/ouymc2/Desktop/hdf_db/CCA_9010_3100099_DEBUG_20250828_163748_0003.h5, output_file=C:/Users/ouymc2/Desktop/hdf_db/CCA_9010_3100099_DEBUG_20250828_163748_0003_r00070104.h5, output_dir=C:/Users/ouymc2/Desktop/plotly_62/html, server_host=127.0.0.1, server_port=5555
2025-12-04 11:38:00,541 - InteractivePlot.kpi_client.kpi_integration - WARNING - _ensure_server_process:149 - KPI server not ready after 5 seconds
2025-12-04 11:38:00,618 - root - DEBUG - parse:126 - Time taken by input parsing 0.07441473007202148 in DETECTION_STREAM
2025-12-04 11:38:00,684 - root - DEBUG - parse:163 - Time taken by output parsing 0.0643768310546875 in DETECTION_STREAM
2025-12-04 11:38:02,937 - DataPrep - DEBUG - _track_memory_usage:97 - Resident Set Size (RSS): 241.78 MB
2025-12-04 11:38:02,937 - DataPrep - DEBUG - _track_memory_usage:98 - Virtual Memory Size: 840.34 MB
2025-12-04 11:38:02,937 - DataPrep - INFO - _track_memory_usage:103 - Initial memory usage: 241.77734375 MiB
2025-12-04 11:38:16,415 - root - DEBUG - generate_plots:193 - Time taken by generate plot in parllel or seq figures for 10.455711364746094 in DETECTION_STREAM
2025-12-04 11:38:18,216 - root - INFO - wrapper:13 - Function generate_plots took 15.2786 seconds to execute.
2025-12-04 11:38:18,218 - HtmlGenerator - INFO - _create_folder_structure:85 - Created folder structure for CCA_9010_3100099_DEBUG_20250828_163748_0003
2025-12-04 11:38:18,218 - HtmlGenerator - INFO - generate_and_save_html_files:206 - Generating HTML files for 3 categories
2025-12-04 11:38:18,572 - HtmlGenerator - INFO - generate_and_save_html_files:225 - Category HTML saved: C:\Users\ouymc2\Desktop\plotly_62\html\CCA_9010_3100099_DEBUG_20250828_163748_0003\FL\DETECTION_STREAM\CCA_9010_3100099_DEBUG_20250828_163748_0003_FL_histogram.html (21385.6 KB)
2025-12-04 11:38:19,331 - HtmlGenerator - INFO - generate_and_save_html_files:225 - Category HTML saved: C:\Users\ouymc2\Desktop\plotly_62\html\CCA_9010_3100099_DEBUG_20250828_163748_0003\FL\DETECTION_STREAM\CCA_9010_3100099_DEBUG_20250828_163748_0003_FL_general.html (43168.9 KB)
2025-12-04 11:38:19,855 - HtmlGenerator - INFO - generate_and_save_html_files:225 - Category HTML saved: C:\Users\ouymc2\Desktop\plotly_62\html\CCA_9010_3100099_DEBUG_20250828_163748_0003\FL\DETECTION_STREAM\CCA_9010_3100099_DEBUG_20250828_163748_0003_FL_mismatch.html (1616.7 KB)
2025-12-04 11:38:19,857 - HtmlGenerator - INFO - _create_external_assets:496 - CSS file created: C:\Users\ouymc2\Desktop\plotly_62\html\CCA_9010_3100099_DEBUG_20250828_163748_0003\tab_interface.css
2025-12-04 11:38:19,859 - HtmlGenerator - INFO - _create_external_assets:502 - JavaScript file created: C:\Users\ouymc2\Desktop\plotly_62\html\CCA_9010_3100099_DEBUG_20250828_163748_0003\tab_interface.js
2025-12-04 11:38:21,860 - HtmlGenerator - DEBUG - generate_and_save_html_files:246 - No KPI HTML path available yet
2025-12-04 11:38:23,875 - HtmlGenerator - DEBUG - _add_kpi_link:293 - Failed to add KPI link: cannot access local variable 'base_folder' where it is not associated with a value
2025-12-04 11:38:23,893 - root - DEBUG - parse:183 - Time taken by dataprep parsing 23.209010362625122 in DETECTION_STREAM
2025-12-04 11:38:23,893 - root - INFO - parse:187 - Generated HTML report for sensor /FL/ with /4/ streams
2025-12-04 11:38:23,900 - HtmlGenerator - INFO - create_base_index:570 - Per-base index created: C:\Users\ouymc2\Desktop\plotly_62\html\CCA_9010_3100099_DEBUG_20250828_163748_0003\CCA_9010_3100099_DEBUG_20250828_163748_0003.html
2025-12-04 11:38:23,900 - root - INFO - parse:195 - Per-base index created: C:\Users\ouymc2\Desktop\plotly_62\html\CCA_9010_3100099_DEBUG_20250828_163748_0003\CCA_9010_3100099_DEBUG_20250828_163748_0003.html
2025-12-04 11:38:23,900 - root - INFO - parse:43 - 
Processing input file: CCA_9010_3100099_DEBUG_20250828_163803_0004.h5
2025-12-04 11:38:23,901 - root - INFO - parse:44 - Processing output file: CCA_9010_3100099_DEBUG_20250828_163803_0004_r00070104.h5 

2025-12-04 11:38:24,146 - root - INFO - parse:51 - Warning: Missing data if in input not in output or viceversa : {'missing_groups': [], 'missing_datasets': []}
2025-12-04 11:38:24,147 - root - INFO - parse:55 - Found 5 sensors: header, RL, RR, FR, FL
2025-12-04 11:38:24,147 - root - INFO - parse:56 - Found 4 streams: RDD_STREAM, DETECTION_STREAM, DYNAMIC_ALIGNMENT_STREAM, HEADER_STREAM
2025-12-04 11:38:24,148 - InteractivePlot.kpi_client.kpi_integration - DEBUG - __init__:66 - kpiIntegration initialized with base_name=CCA_9010_3100099_DEBUG_20250828_163803_0004, sensor=header, input_file=C:/Users/ouymc2/Desktop/hdf_db/CCA_9010_3100099_DEBUG_20250828_163803_0004.h5, output_file=C:/Users/ouymc2/Desktop/hdf_db/CCA_9010_3100099_DEBUG_20250828_163803_0004_r00070104.h5, output_dir=C:/Users/ouymc2/Desktop/plotly_62/html, server_host=127.0.0.1, server_port=5555
2025-12-04 11:38:40,293 - InteractivePlot.kpi_client.kpi_integration - WARNING - _ensure_server_process:149 - KPI server not ready after 5 seconds
2025-12-04 11:38:40,299 - root - INFO - parse:187 - Generated HTML report for sensor /header/ with /4/ streams
2025-12-04 11:38:40,300 - InteractivePlot.kpi_client.kpi_integration - DEBUG - __init__:66 - kpiIntegration initialized with base_name=CCA_9010_3100099_DEBUG_20250828_163803_0004, sensor=RL, input_file=C:/Users/ouymc2/Desktop/hdf_db/CCA_9010_3100099_DEBUG_20250828_163803_0004.h5, output_file=C:/Users/ouymc2/Desktop/hdf_db/CCA_9010_3100099_DEBUG_20250828_163803_0004_r00070104.h5, output_dir=C:/Users/ouymc2/Desktop/plotly_62/html, server_host=127.0.0.1, server_port=5555
2025-12-04 11:38:56,449 - InteractivePlot.kpi_client.kpi_integration - WARNING - _ensure_server_process:149 - KPI server not ready after 5 seconds
2025-12-04 11:38:56,553 - root - DEBUG - parse:126 - Time taken by input parsing 0.09739947319030762 in DETECTION_STREAM
2025-12-04 11:38:56,608 - root - DEBUG - parse:163 - Time taken by output parsing 0.05389118194580078 in DETECTION_STREAM
2025-12-04 11:38:58,631 - DataPrep - DEBUG - _track_memory_usage:97 - Resident Set Size (RSS): 208.71 MB
2025-12-04 11:38:58,631 - DataPrep - DEBUG - _track_memory_usage:98 - Virtual Memory Size: 810.77 MB
2025-12-04 11:38:58,631 - DataPrep - INFO - _track_memory_usage:103 - Initial memory usage: 208.7109375 MiB
2025-12-04 11:39:11,486 - root - DEBUG - generate_plots:193 - Time taken by generate plot in parllel or seq figures for 9.574050903320312 in DETECTION_STREAM
2025-12-04 11:39:12,710 - root - INFO - wrapper:13 - Function generate_plots took 14.0780 seconds to execute.
2025-12-04 11:39:12,711 - HtmlGenerator - INFO - _create_folder_structure:85 - Created folder structure for CCA_9010_3100099_DEBUG_20250828_163803_0004
2025-12-04 11:39:12,711 - HtmlGenerator - INFO - generate_and_save_html_files:206 - Generating HTML files for 3 categories
2025-12-04 11:39:13,064 - HtmlGenerator - INFO - generate_and_save_html_files:225 - Category HTML saved: C:\Users\ouymc2\Desktop\plotly_62\html\CCA_9010_3100099_DEBUG_20250828_163803_0004\RL\DETECTION_STREAM\CCA_9010_3100099_DEBUG_20250828_163803_0004_RL_histogram.html (21442.1 KB)
2025-12-04 11:39:13,817 - HtmlGenerator - INFO - generate_and_save_html_files:225 - Category HTML saved: C:\Users\ouymc2\Desktop\plotly_62\html\CCA_9010_3100099_DEBUG_20250828_163803_0004\RL\DETECTION_STREAM\CCA_9010_3100099_DEBUG_20250828_163803_0004_RL_general.html (43220.9 KB)
2025-12-04 11:39:14,037 - HtmlGenerator - INFO - generate_and_save_html_files:225 - Category HTML saved: C:\Users\ouymc2\Desktop\plotly_62\html\CCA_9010_3100099_DEBUG_20250828_163803_0004\RL\DETECTION_STREAM\CCA_9010_3100099_DEBUG_20250828_163803_0004_RL_mismatch.html (516.7 KB)
2025-12-04 11:39:14,040 - HtmlGenerator - INFO - _create_external_assets:496 - CSS file created: C:\Users\ouymc2\Desktop\plotly_62\html\CCA_9010_3100099_DEBUG_20250828_163803_0004\tab_interface.css
2025-12-04 11:39:14,045 - HtmlGenerator - INFO - _create_external_assets:502 - JavaScript file created: C:\Users\ouymc2\Desktop\plotly_62\html\CCA_9010_3100099_DEBUG_20250828_163803_0004\tab_interface.js
2025-12-04 11:39:16,057 - HtmlGenerator - DEBUG - generate_and_save_html_files:246 - No KPI HTML path available yet
2025-12-04 11:39:18,065 - HtmlGenerator - DEBUG - _add_kpi_link:293 - Failed to add KPI link: cannot access local variable 'base_folder' where it is not associated with a value
2025-12-04 11:39:18,082 - root - DEBUG - parse:183 - Time taken by dataprep parsing 21.473578214645386 in DETECTION_STREAM
2025-12-04 11:39:18,082 - root - INFO - parse:187 - Generated HTML report for sensor /RL/ with /4/ streams
2025-12-04 11:39:18,083 - InteractivePlot.kpi_client.kpi_integration - DEBUG - __init__:66 - kpiIntegration initialized with base_name=CCA_9010_3100099_DEBUG_20250828_163803_0004, sensor=RR, input_file=C:/Users/ouymc2/Desktop/hdf_db/CCA_9010_3100099_DEBUG_20250828_163803_0004.h5, output_file=C:/Users/ouymc2/Desktop/hdf_db/CCA_9010_3100099_DEBUG_20250828_163803_0004_r00070104.h5, output_dir=C:/Users/ouymc2/Desktop/plotly_62/html, server_host=127.0.0.1, server_port=5555
2025-12-04 11:39:34,249 - InteractivePlot.kpi_client.kpi_integration - WARNING - _ensure_server_process:149 - KPI server not ready after 5 seconds
2025-12-04 11:39:34,329 - root - DEBUG - parse:126 - Time taken by input parsing 0.0778665542602539 in DETECTION_STREAM
2025-12-04 11:39:34,413 - root - DEBUG - parse:163 - Time taken by output parsing 0.08159732818603516 in DETECTION_STREAM
2025-12-04 11:39:36,515 - DataPrep - DEBUG - _track_memory_usage:97 - Resident Set Size (RSS): 239.76 MB
2025-12-04 11:39:36,515 - DataPrep - DEBUG - _track_memory_usage:98 - Virtual Memory Size: 838.80 MB
2025-12-04 11:39:36,515 - DataPrep - INFO - _track_memory_usage:103 - Initial memory usage: 239.7578125 MiB
2025-12-04 11:39:50,906 - root - DEBUG - generate_plots:193 - Time taken by generate plot in parllel or seq figures for 11.307086706161499 in DETECTION_STREAM
2025-12-04 11:39:52,665 - root - INFO - wrapper:13 - Function generate_plots took 16.1495 seconds to execute.
2025-12-04 11:39:52,667 - HtmlGenerator - INFO - _create_folder_structure:85 - Created folder structure for CCA_9010_3100099_DEBUG_20250828_163803_0004
2025-12-04 11:39:52,667 - HtmlGenerator - INFO - generate_and_save_html_files:206 - Generating HTML files for 3 categories
2025-12-04 11:39:53,010 - HtmlGenerator - INFO - generate_and_save_html_files:225 - Category HTML saved: C:\Users\ouymc2\Desktop\plotly_62\html\CCA_9010_3100099_DEBUG_20250828_163803_0004\RR\DETECTION_STREAM\CCA_9010_3100099_DEBUG_20250828_163803_0004_RR_histogram.html (21349.5 KB)
2025-12-04 11:39:53,787 - HtmlGenerator - INFO - generate_and_save_html_files:225 - Category HTML saved: C:\Users\ouymc2\Desktop\plotly_62\html\CCA_9010_3100099_DEBUG_20250828_163803_0004\RR\DETECTION_STREAM\CCA_9010_3100099_DEBUG_20250828_163803_0004_RR_general.html (43028.0 KB)
2025-12-04 11:39:53,972 - HtmlGenerator - INFO - generate_and_save_html_files:225 - Category HTML saved: C:\Users\ouymc2\Desktop\plotly_62\html\CCA_9010_3100099_DEBUG_20250828_163803_0004\RR\DETECTION_STREAM\CCA_9010_3100099_DEBUG_20250828_163803_0004_RR_mismatch.html (353.6 KB)
2025-12-04 11:39:53,974 - HtmlGenerator - INFO - _create_external_assets:496 - CSS file created: C:\Users\ouymc2\Desktop\plotly_62\html\CCA_9010_3100099_DEBUG_20250828_163803_0004\tab_interface.css
2025-12-04 11:39:53,977 - HtmlGenerator - INFO - _create_external_assets:502 - JavaScript file created: C:\Users\ouymc2\Desktop\plotly_62\html\CCA_9010_3100099_DEBUG_20250828_163803_0004\tab_interface.js
2025-12-04 11:39:55,981 - HtmlGenerator - DEBUG - generate_and_save_html_files:246 - No KPI HTML path available yet
2025-12-04 11:39:57,997 - HtmlGenerator - DEBUG - _add_kpi_link:293 - Failed to add KPI link: cannot access local variable 'base_folder' where it is not associated with a value
2025-12-04 11:39:58,012 - root - DEBUG - parse:183 - Time taken by dataprep parsing 23.598977088928223 in DETECTION_STREAM
2025-12-04 11:39:58,012 - root - INFO - parse:187 - Generated HTML report for sensor /RR/ with /4/ streams
2025-12-04 11:39:58,012 - InteractivePlot.kpi_client.kpi_integration - DEBUG - __init__:66 - kpiIntegration initialized with base_name=CCA_9010_3100099_DEBUG_20250828_163803_0004, sensor=FR, input_file=C:/Users/ouymc2/Desktop/hdf_db/CCA_9010_3100099_DEBUG_20250828_163803_0004.h5, output_file=C:/Users/ouymc2/Desktop/hdf_db/CCA_9010_3100099_DEBUG_20250828_163803_0004_r00070104.h5, output_dir=C:/Users/ouymc2/Desktop/plotly_62/html, server_host=127.0.0.1, server_port=5555
2025-12-04 11:40:14,166 - InteractivePlot.kpi_client.kpi_integration - WARNING - _ensure_server_process:149 - KPI server not ready after 5 seconds
2025-12-04 11:40:14,235 - root - DEBUG - parse:126 - Time taken by input parsing 0.06774377822875977 in DETECTION_STREAM
2025-12-04 11:40:14,297 - root - DEBUG - parse:163 - Time taken by output parsing 0.06042933464050293 in DETECTION_STREAM
2025-12-04 11:40:16,311 - DataPrep - DEBUG - _track_memory_usage:97 - Resident Set Size (RSS): 246.80 MB
2025-12-04 11:40:16,312 - DataPrep - DEBUG - _track_memory_usage:98 - Virtual Memory Size: 847.06 MB
2025-12-04 11:40:16,312 - DataPrep - INFO - _track_memory_usage:103 - Initial memory usage: 246.80078125 MiB
2025-12-04 11:40:29,593 - root - DEBUG - generate_plots:193 - Time taken by generate plot in parllel or seq figures for 10.153006553649902 in DETECTION_STREAM
2025-12-04 11:40:31,064 - root - INFO - wrapper:13 - Function generate_plots took 14.7517 seconds to execute.
2025-12-04 11:40:31,065 - HtmlGenerator - INFO - _create_folder_structure:85 - Created folder structure for CCA_9010_3100099_DEBUG_20250828_163803_0004
2025-12-04 11:40:31,066 - HtmlGenerator - INFO - generate_and_save_html_files:206 - Generating HTML files for 3 categories
2025-12-04 11:40:31,422 - HtmlGenerator - INFO - generate_and_save_html_files:225 - Category HTML saved: C:\Users\ouymc2\Desktop\plotly_62\html\CCA_9010_3100099_DEBUG_20250828_163803_0004\FR\DETECTION_STREAM\CCA_9010_3100099_DEBUG_20250828_163803_0004_FR_histogram.html (21291.9 KB)
2025-12-04 11:40:32,355 - HtmlGenerator - INFO - generate_and_save_html_files:225 - Category HTML saved: C:\Users\ouymc2\Desktop\plotly_62\html\CCA_9010_3100099_DEBUG_20250828_163803_0004\FR\DETECTION_STREAM\CCA_9010_3100099_DEBUG_20250828_163803_0004_FR_general.html (42859.8 KB)
2025-12-04 11:40:32,579 - HtmlGenerator - INFO - generate_and_save_html_files:225 - Category HTML saved: C:\Users\ouymc2\Desktop\plotly_62\html\CCA_9010_3100099_DEBUG_20250828_163803_0004\FR\DETECTION_STREAM\CCA_9010_3100099_DEBUG_20250828_163803_0004_FR_mismatch.html (328.5 KB)
2025-12-04 11:40:32,581 - HtmlGenerator - INFO - _create_external_assets:496 - CSS file created: C:\Users\ouymc2\Desktop\plotly_62\html\CCA_9010_3100099_DEBUG_20250828_163803_0004\tab_interface.css
2025-12-04 11:40:32,583 - HtmlGenerator - INFO - _create_external_assets:502 - JavaScript file created: C:\Users\ouymc2\Desktop\plotly_62\html\CCA_9010_3100099_DEBUG_20250828_163803_0004\tab_interface.js
2025-12-04 11:40:34,579 - HtmlGenerator - DEBUG - generate_and_save_html_files:246 - No KPI HTML path available yet
2025-12-04 11:40:36,581 - HtmlGenerator - DEBUG - _add_kpi_link:293 - Failed to add KPI link: cannot access local variable 'base_folder' where it is not associated with a value
2025-12-04 11:40:36,594 - root - DEBUG - parse:183 - Time taken by dataprep parsing 22.296713829040527 in DETECTION_STREAM
2025-12-04 11:40:36,594 - root - INFO - parse:187 - Generated HTML report for sensor /FR/ with /4/ streams
2025-12-04 11:40:36,594 - InteractivePlot.kpi_client.kpi_integration - DEBUG - __init__:66 - kpiIntegration initialized with base_name=CCA_9010_3100099_DEBUG_20250828_163803_0004, sensor=FL, input_file=C:/Users/ouymc2/Desktop/hdf_db/CCA_9010_3100099_DEBUG_20250828_163803_0004.h5, output_file=C:/Users/ouymc2/Desktop/hdf_db/CCA_9010_3100099_DEBUG_20250828_163803_0004_r00070104.h5, output_dir=C:/Users/ouymc2/Desktop/plotly_62/html, server_host=127.0.0.1, server_port=5555
2025-12-04 11:40:52,732 - InteractivePlot.kpi_client.kpi_integration - WARNING - _ensure_server_process:149 - KPI server not ready after 5 seconds
2025-12-04 11:40:52,822 - root - DEBUG - parse:126 - Time taken by input parsing 0.08589553833007812 in DETECTION_STREAM
2025-12-04 11:40:52,881 - root - DEBUG - parse:163 - Time taken by output parsing 0.05776858329772949 in DETECTION_STREAM
2025-12-04 11:40:54,898 - DataPrep - DEBUG - _track_memory_usage:97 - Resident Set Size (RSS): 244.81 MB
2025-12-04 11:40:54,898 - DataPrep - DEBUG - _track_memory_usage:98 - Virtual Memory Size: 848.32 MB
2025-12-04 11:40:54,898 - DataPrep - INFO - _track_memory_usage:103 - Initial memory usage: 244.80859375 MiB
2025-12-04 11:41:08,243 - root - DEBUG - generate_plots:193 - Time taken by generate plot in parllel or seq figures for 9.77870225906372 in DETECTION_STREAM
2025-12-04 11:41:09,710 - root - INFO - wrapper:13 - Function generate_plots took 14.8112 seconds to execute.
2025-12-04 11:41:09,712 - HtmlGenerator - INFO - _create_folder_structure:85 - Created folder structure for CCA_9010_3100099_DEBUG_20250828_163803_0004
2025-12-04 11:41:09,712 - HtmlGenerator - INFO - generate_and_save_html_files:206 - Generating HTML files for 3 categories
2025-12-04 11:41:10,055 - HtmlGenerator - INFO - generate_and_save_html_files:225 - Category HTML saved: C:\Users\ouymc2\Desktop\plotly_62\html\CCA_9010_3100099_DEBUG_20250828_163803_0004\FL\DETECTION_STREAM\CCA_9010_3100099_DEBUG_20250828_163803_0004_FL_histogram.html (21369.2 KB)
2025-12-04 11:41:10,862 - HtmlGenerator - INFO - generate_and_save_html_files:225 - Category HTML saved: C:\Users\ouymc2\Desktop\plotly_62\html\CCA_9010_3100099_DEBUG_20250828_163803_0004\FL\DETECTION_STREAM\CCA_9010_3100099_DEBUG_20250828_163803_0004_FL_general.html (43062.7 KB)
2025-12-04 11:41:11,097 - HtmlGenerator - INFO - generate_and_save_html_files:225 - Category HTML saved: C:\Users\ouymc2\Desktop\plotly_62\html\CCA_9010_3100099_DEBUG_20250828_163803_0004\FL\DETECTION_STREAM\CCA_9010_3100099_DEBUG_20250828_163803_0004_FL_mismatch.html (425.2 KB)
2025-12-04 11:41:11,100 - HtmlGenerator - INFO - _create_external_assets:496 - CSS file created: C:\Users\ouymc2\Desktop\plotly_62\html\CCA_9010_3100099_DEBUG_20250828_163803_0004\tab_interface.css
2025-12-04 11:41:11,103 - HtmlGenerator - INFO - _create_external_assets:502 - JavaScript file created: C:\Users\ouymc2\Desktop\plotly_62\html\CCA_9010_3100099_DEBUG_20250828_163803_0004\tab_interface.js
2025-12-04 11:41:13,114 - HtmlGenerator - DEBUG - generate_and_save_html_files:246 - No KPI HTML path available yet
2025-12-04 11:41:15,128 - HtmlGenerator - DEBUG - _add_kpi_link:293 - Failed to add KPI link: cannot access local variable 'base_folder' where it is not associated with a value
2025-12-04 11:41:15,143 - root - DEBUG - parse:183 - Time taken by dataprep parsing 22.261225700378418 in DETECTION_STREAM
2025-12-04 11:41:15,143 - root - INFO - parse:187 - Generated HTML report for sensor /FL/ with /4/ streams
2025-12-04 11:41:15,150 - HtmlGenerator - INFO - create_base_index:570 - Per-base index created: C:\Users\ouymc2\Desktop\plotly_62\html\CCA_9010_3100099_DEBUG_20250828_163803_0004\CCA_9010_3100099_DEBUG_20250828_163803_0004.html
2025-12-04 11:41:15,151 - root - INFO - parse:195 - Per-base index created: C:\Users\ouymc2\Desktop\plotly_62\html\CCA_9010_3100099_DEBUG_20250828_163803_0004\CCA_9010_3100099_DEBUG_20250828_163803_0004.html
2025-12-04 11:41:15,151 - root - INFO - wrapper:13 - Function parse took 732.6606 seconds to execute.
2025-12-04 11:41:15,173 - HtmlGenerator - INFO - create_master_index:536 - Master index created: C:\Users\ouymc2\Desktop\plotly_62\html\master_index.html
2025-12-04 11:41:15,174 - root - INFO - log_to_both:78 - 
Report Generation Completed
